<?xml version="1.0" encoding="UTF-8"?>
<testng-results ignored="0" total="1" passed="1" failed="0" skipped="0">
  <reporter-output>
  </reporter-output>
  <suite started-at="2023-05-13T03:53:01 IST" name="Default suite" finished-at="2023-05-13T03:53:13 IST" duration-ms="12011">
    <groups>
    </groups>
    <test started-at="2023-05-13T03:53:01 IST" name="Default test" finished-at="2023-05-13T03:53:13 IST" duration-ms="12011">
      <class name="com.srn.testaid.scrollTestiOS">
        <test-method is-config="true" signature="setMeUp()[pri:0, instance:com.srn.testaid.scrollTestiOS@2af004b]" started-at="2023-05-13T03:53:01 IST" name="setMeUp" finished-at="2023-05-13T03:53:08 IST" duration-ms="7100" status="PASS">
          <reporter-output>
          </reporter-output>
        </test-method> <!-- setMeUp -->
        <test-method signature="letScrollIos()[pri:0, instance:com.srn.testaid.scrollTestiOS@2af004b]" started-at="2023-05-13T03:53:08 IST" name="letScrollIos" finished-at="2023-05-13T03:53:12 IST" duration-ms="3754" status="PASS">
          <reporter-output>
          </reporter-output>
        </test-method> <!-- letScrollIos -->
        <test-method is-config="true" signature="tearDown()[pri:0, instance:com.srn.testaid.scrollTestiOS@2af004b]" started-at="2023-05-13T03:53:12 IST" name="tearDown" finished-at="2023-05-13T03:53:13 IST" duration-ms="1098" status="PASS">
          <reporter-output>
          </reporter-output>
        </test-method> <!-- tearDown -->
      </class> <!-- com.srn.testaid.scrollTestiOS -->
    </test> <!-- Default test -->
  </suite> <!-- Default suite -->
</testng-results>
